{"contracts/ChaiDealer.sol":{"l":{"22":4,"23":4,"30":4,"31":4,"37":1,"38":1},"path":"/home/alberto/Code/yToken/contracts/ChaiDealer.sol","s":{"1":4,"2":4,"3":4,"4":4,"5":1,"6":1},"b":{},"f":{"1":4,"2":4,"3":1},"fnMap":{"1":{"name":"constructor","line":21,"loc":{"start":{"line":21,"column":50},"end":{"line":21,"column":3}}},"2":{"name":"post","line":28,"loc":{"start":{"line":28,"column":4},"end":{"line":28,"column":59}}},"3":{"name":"withdraw","line":36,"loc":{"start":{"line":36,"column":4},"end":{"line":36,"column":61}}}},"statementMap":{"1":{"start":{"line":22,"column":8},"end":{"line":22,"column":30}},"2":{"start":{"line":23,"column":8},"end":{"line":23,"column":28}},"3":{"start":{"line":30,"column":8},"end":{"line":30,"column":29}},"4":{"start":{"line":31,"column":8},"end":{"line":31,"column":44}},"5":{"start":{"line":37,"column":8},"end":{"line":37,"column":46}},"6":{"start":{"line":38,"column":8},"end":{"line":38,"column":31}}},"branchMap":{}},"contracts/ChaiOracle.sol":{"l":{"10":10,"14":11},"path":"/home/alberto/Code/yToken/contracts/ChaiOracle.sol","s":{"1":10,"2":11},"b":{},"f":{"1":10,"2":11},"fnMap":{"1":{"name":"constructor","line":9,"loc":{"start":{"line":9,"column":4},"end":{"line":9,"column":35}}},"2":{"name":"price","line":13,"loc":{"start":{"line":13,"column":4},"end":{"line":13,"column":51}}}},"statementMap":{"1":{"start":{"line":10,"column":8},"end":{"line":10,"column":24}},"2":{"start":{"line":14,"column":8},"end":{"line":14,"column":60}}},"branchMap":{}},"contracts/Constants.sol":{"l":{},"path":"/home/alberto/Code/yToken/contracts/Constants.sol","s":{},"b":{},"f":{},"fnMap":{},"statementMap":{},"branchMap":{}},"contracts/ERC20Dealer.sol":{"l":{"30":18,"31":18,"32":18,"43":34,"45":34,"46":34,"56":65,"57":0,"60":65,"67":17,"71":17,"77":4,"81":4,"82":4,"95":12,"99":12,"104":6,"105":6,"116":3,"118":3,"119":3},"path":"/home/alberto/Code/yToken/contracts/ERC20Dealer.sol","s":{"1":18,"2":18,"3":18,"4":34,"5":34,"6":0,"7":34,"8":65,"9":0,"10":65,"11":17,"12":17,"13":4,"14":4,"15":4,"16":12,"17":12,"18":6,"19":6,"20":3,"21":3,"22":3},"b":{"1":[0,34],"2":[0,65],"3":[17,0],"4":[4,0],"5":[4,0],"6":[12,0],"7":[6,6]},"f":{"1":18,"2":34,"3":65,"4":17,"5":4,"6":12,"7":3},"fnMap":{"1":{"name":"constructor","line":25,"loc":{"start":{"line":25,"column":4},"end":{"line":29,"column":14}}},"2":{"name":"unlockedOf","line":41,"loc":{"start":{"line":41,"column":4},"end":{"line":41,"column":60}}},"3":{"name":"debtOf","line":55,"loc":{"start":{"line":55,"column":4},"end":{"line":55,"column":61}}},"4":{"name":"post","line":66,"loc":{"start":{"line":66,"column":4},"end":{"line":66,"column":59}}},"5":{"name":"withdraw","line":76,"loc":{"start":{"line":76,"column":4},"end":{"line":76,"column":61}}},"6":{"name":"borrow","line":94,"loc":{"start":{"line":94,"column":4},"end":{"line":94,"column":50}}},"7":{"name":"repay","line":115,"loc":{"start":{"line":115,"column":4},"end":{"line":115,"column":51}}}},"statementMap":{"1":{"start":{"line":30,"column":8},"end":{"line":30,"column":27}},"2":{"start":{"line":31,"column":8},"end":{"line":31,"column":30}},"3":{"start":{"line":32,"column":8},"end":{"line":32,"column":43}},"4":{"start":{"line":43,"column":8},"end":{"line":43,"column":1421}},"5":{"start":{"line":45,"column":8},"end":{"line":45,"column":43}},"6":{"start":{"line":45,"column":35},"end":{"line":45,"column":43}},"7":{"start":{"line":46,"column":8},"end":{"line":46,"column":39}},"8":{"start":{"line":56,"column":8},"end":{"line":56,"column":1822}},"9":{"start":{"line":57,"column":12},"end":{"line":57,"column":53}},"10":{"start":{"line":60,"column":12},"end":{"line":60,"column":29}},"11":{"start":{"line":67,"column":8},"end":{"line":67,"column":2132}},"12":{"start":{"line":71,"column":8},"end":{"line":71,"column":45}},"13":{"start":{"line":77,"column":8},"end":{"line":77,"column":2470}},"14":{"start":{"line":81,"column":8},"end":{"line":81,"column":41}},"15":{"start":{"line":82,"column":8},"end":{"line":82,"column":2663}},"16":{"start":{"line":95,"column":8},"end":{"line":95,"column":3097}},"17":{"start":{"line":99,"column":8},"end":{"line":99,"column":3207}},"18":{"start":{"line":104,"column":8},"end":{"line":104,"column":36}},"19":{"start":{"line":105,"column":8},"end":{"line":105,"column":27}},"20":{"start":{"line":116,"column":8},"end":{"line":116,"column":3914}},"21":{"start":{"line":118,"column":8},"end":{"line":118,"column":29}},"22":{"start":{"line":119,"column":8},"end":{"line":119,"column":66}}},"branchMap":{"1":{"line":45,"type":"if","locations":[{"start":{"line":45,"column":8},"end":{"line":45,"column":8}},{"start":{"line":45,"column":8},"end":{"line":45,"column":8}}]},"2":{"line":56,"type":"if","locations":[{"start":{"line":56,"column":8},"end":{"line":56,"column":8}},{"start":{"line":56,"column":8},"end":{"line":56,"column":8}}]},"3":{"line":67,"type":"if","locations":[{"start":{"line":67,"column":8},"end":{"line":67,"column":8}},{"start":{"line":67,"column":8},"end":{"line":67,"column":8}}]},"4":{"line":77,"type":"if","locations":[{"start":{"line":77,"column":8},"end":{"line":77,"column":8}},{"start":{"line":77,"column":8},"end":{"line":77,"column":8}}]},"5":{"line":82,"type":"if","locations":[{"start":{"line":82,"column":8},"end":{"line":82,"column":8}},{"start":{"line":82,"column":8},"end":{"line":82,"column":8}}]},"6":{"line":95,"type":"if","locations":[{"start":{"line":95,"column":8},"end":{"line":95,"column":8}},{"start":{"line":95,"column":8},"end":{"line":95,"column":8}}]},"7":{"line":99,"type":"if","locations":[{"start":{"line":99,"column":8},"end":{"line":99,"column":8}},{"start":{"line":99,"column":8},"end":{"line":99,"column":8}}]}}},"contracts/interfaces/IChai.sol":{"l":{},"path":"/home/alberto/Code/yToken/contracts/interfaces/IChai.sol","s":{},"b":{},"f":{},"fnMap":{},"statementMap":{},"branchMap":{}},"contracts/interfaces/IDaiJoin.sol":{"l":{},"path":"/home/alberto/Code/yToken/contracts/interfaces/IDaiJoin.sol","s":{},"b":{},"f":{},"fnMap":{},"statementMap":{},"branchMap":{}},"contracts/interfaces/IGemJoin.sol":{"l":{},"path":"/home/alberto/Code/yToken/contracts/interfaces/IGemJoin.sol","s":{},"b":{},"f":{},"fnMap":{},"statementMap":{},"branchMap":{}},"contracts/interfaces/ILender.sol":{"l":{},"path":"/home/alberto/Code/yToken/contracts/interfaces/ILender.sol","s":{},"b":{},"f":{},"fnMap":{},"statementMap":{},"branchMap":{}},"contracts/interfaces/IOracle.sol":{"l":{},"path":"/home/alberto/Code/yToken/contracts/interfaces/IOracle.sol","s":{},"b":{},"f":{},"fnMap":{},"statementMap":{},"branchMap":{}},"contracts/interfaces/IPot.sol":{"l":{},"path":"/home/alberto/Code/yToken/contracts/interfaces/IPot.sol","s":{},"b":{},"f":{},"fnMap":{},"statementMap":{},"branchMap":{}},"contracts/interfaces/ISaver.sol":{"l":{},"path":"/home/alberto/Code/yToken/contracts/interfaces/ISaver.sol","s":{},"b":{},"f":{},"fnMap":{},"statementMap":{},"branchMap":{}},"contracts/interfaces/IUniswap.sol":{"l":{},"path":"/home/alberto/Code/yToken/contracts/interfaces/IUniswap.sol","s":{},"b":{},"f":{},"fnMap":{},"statementMap":{},"branchMap":{}},"contracts/interfaces/IVat.sol":{"l":{},"path":"/home/alberto/Code/yToken/contracts/interfaces/IVat.sol","s":{},"b":{},"f":{},"fnMap":{},"statementMap":{},"branchMap":{}},"contracts/interfaces/IYDai.sol":{"l":{},"path":"/home/alberto/Code/yToken/contracts/interfaces/IYDai.sol","s":{},"b":{},"f":{},"fnMap":{},"statementMap":{},"branchMap":{}},"contracts/Lender.sol":{"l":{"36":14,"37":14,"38":14,"39":14,"40":14,"41":14,"42":14,"47":4,"48":4,"53":8,"57":8,"58":8,"60":8,"73":2,"81":2,"86":1,"90":1,"94":1,"96":1,"97":1,"105":1,"110":2,"112":2,"120":2,"121":2},"path":"/home/alberto/Code/yToken/contracts/Lender.sol","s":{"1":14,"2":14,"3":14,"4":14,"5":14,"6":14,"7":14,"8":4,"9":4,"10":8,"11":8,"12":8,"13":8,"14":2,"15":2,"16":1,"17":1,"18":1,"19":1,"20":1,"21":1,"22":2,"23":2,"24":2,"25":2},"b":{"1":[8,0],"2":[1,0],"3":[1,0]},"f":{"1":14,"2":4,"3":8,"4":2,"5":1,"6":2},"fnMap":{"1":{"name":"constructor","line":34,"loc":{"start":{"line":34,"column":4},"end":{"line":34,"column":101}}},"2":{"name":"debt","line":46,"loc":{"start":{"line":46,"column":4},"end":{"line":46,"column":55}}},"3":{"name":"post","line":52,"loc":{"start":{"line":52,"column":101},"end":{"line":52,"column":3}}},"4":{"name":"withdraw","line":71,"loc":{"start":{"line":71,"column":103},"end":{"line":71,"column":3}}},"5":{"name":"repay","line":85,"loc":{"start":{"line":85,"column":101},"end":{"line":85,"column":3}}},"6":{"name":"borrow","line":109,"loc":{"start":{"line":109,"column":100},"end":{"line":109,"column":3}}}},"statementMap":{"1":{"start":{"line":36,"column":8},"end":{"line":36,"column":26}},"2":{"start":{"line":37,"column":8},"end":{"line":37,"column":28}},"3":{"start":{"line":38,"column":8},"end":{"line":38,"column":36}},"4":{"start":{"line":39,"column":8},"end":{"line":39,"column":38}},"5":{"start":{"line":40,"column":8},"end":{"line":40,"column":24}},"6":{"start":{"line":41,"column":8},"end":{"line":41,"column":36}},"7":{"start":{"line":42,"column":8},"end":{"line":42,"column":35}},"8":{"start":{"line":47,"column":8},"end":{"line":47,"column":48}},"9":{"start":{"line":48,"column":8},"end":{"line":48,"column":36}},"10":{"start":{"line":53,"column":8},"end":{"line":53,"column":1880}},"11":{"start":{"line":57,"column":8},"end":{"line":57,"column":46}},"12":{"start":{"line":58,"column":8},"end":{"line":58,"column":42}},"13":{"start":{"line":60,"column":8},"end":{"line":60,"column":2220}},"14":{"start":{"line":73,"column":8},"end":{"line":73,"column":2717}},"15":{"start":{"line":81,"column":8},"end":{"line":81,"column":31}},"16":{"start":{"line":86,"column":8},"end":{"line":86,"column":3228}},"17":{"start":{"line":90,"column":8},"end":{"line":90,"column":3321}},"18":{"start":{"line":94,"column":8},"end":{"line":94,"column":40}},"19":{"start":{"line":96,"column":8},"end":{"line":96,"column":48}},"20":{"start":{"line":97,"column":8},"end":{"line":97,"column":3672}},"21":{"start":{"line":105,"column":8},"end":{"line":105,"column":59}},"22":{"start":{"line":110,"column":8},"end":{"line":110,"column":48}},"23":{"start":{"line":112,"column":8},"end":{"line":112,"column":4362}},"24":{"start":{"line":120,"column":8},"end":{"line":120,"column":59}},"25":{"start":{"line":121,"column":8},"end":{"line":121,"column":29}}},"branchMap":{"1":{"line":53,"type":"if","locations":[{"start":{"line":53,"column":8},"end":{"line":53,"column":8}},{"start":{"line":53,"column":8},"end":{"line":53,"column":8}}]},"2":{"line":86,"type":"if","locations":[{"start":{"line":86,"column":8},"end":{"line":86,"column":8}},{"start":{"line":86,"column":8},"end":{"line":86,"column":8}}]},"3":{"line":90,"type":"if","locations":[{"start":{"line":90,"column":8},"end":{"line":90,"column":8}},{"start":{"line":90,"column":8},"end":{"line":90,"column":8}}]}}},"contracts/Mint.sol":{"l":{"27":5,"28":5,"29":5,"30":5,"39":2,"40":2,"43":0,"52":3,"57":1,"58":0,"61":1,"67":2,"68":2,"69":2,"70":2,"75":0,"76":0,"77":0,"78":0,"83":1,"84":1,"89":0,"90":0},"path":"/home/alberto/Code/yToken/contracts/Mint.sol","s":{"1":5,"2":5,"3":5,"4":5,"5":2,"6":2,"7":0,"8":3,"9":1,"10":0,"11":1,"12":2,"13":2,"14":2,"15":2,"16":0,"17":0,"18":0,"19":0,"20":1,"21":1,"22":0,"23":0},"b":{"1":[2,0],"2":[1,2],"3":[0,1]},"f":{"1":5,"2":2,"3":3,"4":2,"5":0,"6":1,"7":0},"fnMap":{"1":{"name":"constructor","line":21,"loc":{"start":{"line":21,"column":4},"end":{"line":26,"column":14}}},"2":{"name":"mint","line":37,"loc":{"start":{"line":37,"column":4},"end":{"line":37,"column":49}}},"3":{"name":"redeem","line":51,"loc":{"start":{"line":51,"column":4},"end":{"line":51,"column":51}}},"4":{"name":"mintNoDebt","line":66,"loc":{"start":{"line":66,"column":4},"end":{"line":66,"column":57}}},"5":{"name":"mintDebt","line":74,"loc":{"start":{"line":74,"column":4},"end":{"line":74,"column":55}}},"6":{"name":"redeemSavings","line":82,"loc":{"start":{"line":82,"column":4},"end":{"line":82,"column":61}}},"7":{"name":"redeemNoSavings","line":88,"loc":{"start":{"line":88,"column":4},"end":{"line":88,"column":63}}}},"statementMap":{"1":{"start":{"line":27,"column":8},"end":{"line":27,"column":33}},"2":{"start":{"line":28,"column":8},"end":{"line":28,"column":30}},"3":{"start":{"line":29,"column":8},"end":{"line":29,"column":26}},"4":{"start":{"line":30,"column":8},"end":{"line":30,"column":27}},"5":{"start":{"line":39,"column":8},"end":{"line":39,"column":1259}},"6":{"start":{"line":40,"column":12},"end":{"line":40,"column":32}},"7":{"start":{"line":43,"column":12},"end":{"line":43,"column":30}},"8":{"start":{"line":52,"column":8},"end":{"line":52,"column":1708}},"9":{"start":{"line":57,"column":8},"end":{"line":57,"column":1881}},"10":{"start":{"line":58,"column":12},"end":{"line":58,"column":37}},"11":{"start":{"line":61,"column":12},"end":{"line":61,"column":35}},"12":{"start":{"line":67,"column":8},"end":{"line":67,"column":50}},"13":{"start":{"line":68,"column":8},"end":{"line":68,"column":41}},"14":{"start":{"line":69,"column":8},"end":{"line":69,"column":38}},"15":{"start":{"line":70,"column":8},"end":{"line":70,"column":28}},"16":{"start":{"line":75,"column":8},"end":{"line":75,"column":50}},"17":{"start":{"line":76,"column":8},"end":{"line":76,"column":42}},"18":{"start":{"line":77,"column":8},"end":{"line":77,"column":40}},"19":{"start":{"line":78,"column":8},"end":{"line":78,"column":28}},"20":{"start":{"line":83,"column":8},"end":{"line":83,"column":29}},"21":{"start":{"line":84,"column":8},"end":{"line":84,"column":33}},"22":{"start":{"line":89,"column":8},"end":{"line":89,"column":29}},"23":{"start":{"line":90,"column":8},"end":{"line":90,"column":33}}},"branchMap":{"1":{"line":39,"type":"if","locations":[{"start":{"line":39,"column":8},"end":{"line":39,"column":8}},{"start":{"line":39,"column":8},"end":{"line":39,"column":8}}]},"2":{"line":52,"type":"if","locations":[{"start":{"line":52,"column":8},"end":{"line":52,"column":8}},{"start":{"line":52,"column":8},"end":{"line":52,"column":8}}]},"3":{"line":57,"type":"if","locations":[{"start":{"line":57,"column":8},"end":{"line":57,"column":8}},{"start":{"line":57,"column":8},"end":{"line":57,"column":8}}]}}},"contracts/Saver.sol":{"l":{"20":12,"21":12,"26":10,"33":5,"37":5,"38":5,"43":2,"51":2,"52":2},"path":"/home/alberto/Code/yToken/contracts/Saver.sol","s":{"1":12,"2":12,"3":10,"4":5,"5":5,"6":5,"7":2,"8":2,"9":2},"b":{"1":[5,0],"2":[2,0],"3":[2,0]},"f":{"1":12,"2":10,"3":5,"4":2,"5":2},"fnMap":{"1":{"name":"constructor","line":18,"loc":{"start":{"line":18,"column":4},"end":{"line":18,"column":50}}},"2":{"name":"savings","line":25,"loc":{"start":{"line":25,"column":4},"end":{"line":25,"column":52}}},"3":{"name":"hold","line":32,"loc":{"start":{"line":32,"column":99},"end":{"line":32,"column":3}}},"4":{"name":"releaseChai","line":42,"loc":{"start":{"line":42,"column":107},"end":{"line":42,"column":3}}},"5":{"name":"release","line":50,"loc":{"start":{"line":50,"column":102},"end":{"line":50,"column":3}}}},"statementMap":{"1":{"start":{"line":20,"column":8},"end":{"line":20,"column":26}},"2":{"start":{"line":21,"column":8},"end":{"line":21,"column":27}},"3":{"start":{"line":26,"column":8},"end":{"line":26,"column":39}},"4":{"start":{"line":33,"column":8},"end":{"line":33,"column":1063}},"5":{"start":{"line":37,"column":8},"end":{"line":37,"column":40}},"6":{"start":{"line":38,"column":8},"end":{"line":38,"column":37}},"7":{"start":{"line":43,"column":8},"end":{"line":43,"column":1540}},"8":{"start":{"line":51,"column":8},"end":{"line":51,"column":37}},"9":{"start":{"line":52,"column":8},"end":{"line":52,"column":1931}}},"branchMap":{"1":{"line":33,"type":"if","locations":[{"start":{"line":33,"column":8},"end":{"line":33,"column":8}},{"start":{"line":33,"column":8},"end":{"line":33,"column":8}}]},"2":{"line":43,"type":"if","locations":[{"start":{"line":43,"column":8},"end":{"line":43,"column":8}},{"start":{"line":43,"column":8},"end":{"line":43,"column":8}}]},"3":{"line":52,"type":"if","locations":[{"start":{"line":52,"column":8},"end":{"line":52,"column":8}},{"start":{"line":52,"column":8},"end":{"line":52,"column":8}}]}}},"contracts/UniLPOracle.sol":{"l":{"19":6,"23":14,"24":14,"25":14,"26":14,"27":14,"34":14,"35":14,"36":14,"37":966,"38":966},"path":"/home/alberto/Code/yToken/contracts/UniLPOracle.sol","s":{"1":6,"2":14,"3":14,"4":14,"5":14,"6":14,"7":14,"8":14,"9":14,"10":966,"11":966},"b":{},"f":{"1":6,"2":14,"3":14},"fnMap":{"1":{"name":"constructor","line":18,"loc":{"start":{"line":18,"column":4},"end":{"line":18,"column":39}}},"2":{"name":"price","line":22,"loc":{"start":{"line":22,"column":4},"end":{"line":22,"column":51}}},"3":{"name":"sqrt","line":33,"loc":{"start":{"line":33,"column":4},"end":{"line":33,"column":53}}}},"statementMap":{"1":{"start":{"line":19,"column":8},"end":{"line":19,"column":36}},"2":{"start":{"line":23,"column":8},"end":{"line":23,"column":72}},"3":{"start":{"line":24,"column":8},"end":{"line":24,"column":53}},"4":{"start":{"line":25,"column":8},"end":{"line":25,"column":40}},"5":{"start":{"line":26,"column":8},"end":{"line":26,"column":40}},"6":{"start":{"line":27,"column":8},"end":{"line":27,"column":855}},"7":{"start":{"line":34,"column":8},"end":{"line":34,"column":28}},"8":{"start":{"line":35,"column":8},"end":{"line":35,"column":12}},"9":{"start":{"line":36,"column":8},"end":{"line":36,"column":1158}},"10":{"start":{"line":37,"column":12},"end":{"line":37,"column":16}},"11":{"start":{"line":38,"column":12},"end":{"line":38,"column":30}}},"branchMap":{}},"contracts/WethDealer.sol":{"l":{"21":4,"28":4,"29":4,"30":4,"36":1,"37":1},"path":"/home/alberto/Code/yToken/contracts/WethDealer.sol","s":{"1":4,"2":4,"3":4,"4":4,"5":1,"6":1},"b":{},"f":{"1":4,"2":4,"3":1},"fnMap":{"1":{"name":"constructor","line":20,"loc":{"start":{"line":20,"column":50},"end":{"line":20,"column":3}}},"2":{"name":"post","line":26,"loc":{"start":{"line":26,"column":4},"end":{"line":26,"column":59}}},"3":{"name":"withdraw","line":35,"loc":{"start":{"line":35,"column":4},"end":{"line":35,"column":61}}}},"statementMap":{"1":{"start":{"line":21,"column":8},"end":{"line":21,"column":33}},"2":{"start":{"line":28,"column":8},"end":{"line":28,"column":29}},"3":{"start":{"line":29,"column":8},"end":{"line":29,"column":45}},"4":{"start":{"line":30,"column":8},"end":{"line":30,"column":40}},"5":{"start":{"line":36,"column":8},"end":{"line":36,"column":44}},"6":{"start":{"line":37,"column":8},"end":{"line":37,"column":31}}},"branchMap":{}},"contracts/YDai.sol":{"l":{"35":29,"36":29,"37":29,"38":29,"39":29,"44":81,"49":1,"54":2,"64":1,"65":1,"70":12,"75":2,"76":2,"77":2,"78":2,"79":2,"84":8,"89":4},"path":"/home/alberto/Code/yToken/contracts/YDai.sol","s":{"1":29,"2":29,"3":29,"4":29,"5":29,"6":81,"7":1,"8":2,"9":1,"10":1,"11":12,"12":2,"13":2,"14":2,"15":2,"16":2,"17":8,"18":4},"b":{"1":[2,10]},"f":{"1":29,"2":81,"3":1,"4":2,"5":1,"6":12,"7":8,"8":4},"fnMap":{"1":{"name":"constructor","line":34,"loc":{"start":{"line":34,"column":50},"end":{"line":34,"column":3}}},"2":{"name":"isMature","line":43,"loc":{"start":{"line":43,"column":4},"end":{"line":43,"column":55}}},"3":{"name":"maturity","line":48,"loc":{"start":{"line":48,"column":4},"end":{"line":48,"column":58}}},"4":{"name":"chi","line":53,"loc":{"start":{"line":53,"column":4},"end":{"line":53,"column":53}}},"5":{"name":"rate","line":63,"loc":{"start":{"line":63,"column":4},"end":{"line":63,"column":54}}},"6":{"name":"mature","line":69,"loc":{"start":{"line":69,"column":4},"end":{"line":69,"column":35}}},"7":{"name":"mint","line":83,"loc":{"start":{"line":83,"column":97},"end":{"line":83,"column":3}}},"8":{"name":"burn","line":88,"loc":{"start":{"line":88,"column":99},"end":{"line":88,"column":3}}}},"statementMap":{"1":{"start":{"line":35,"column":8},"end":{"line":35,"column":24}},"2":{"start":{"line":36,"column":8},"end":{"line":36,"column":24}},"3":{"start":{"line":37,"column":8},"end":{"line":37,"column":28}},"4":{"start":{"line":38,"column":8},"end":{"line":38,"column":24}},"5":{"start":{"line":39,"column":8},"end":{"line":39,"column":25}},"6":{"start":{"line":44,"column":8},"end":{"line":44,"column":24}},"7":{"start":{"line":49,"column":8},"end":{"line":49,"column":24}},"8":{"start":{"line":54,"column":8},"end":{"line":54,"column":19}},"9":{"start":{"line":64,"column":8},"end":{"line":64,"column":51}},"10":{"start":{"line":65,"column":8},"end":{"line":65,"column":39}},"11":{"start":{"line":70,"column":8},"end":{"line":70,"column":2009}},"12":{"start":{"line":75,"column":8},"end":{"line":75,"column":40}},"13":{"start":{"line":76,"column":8},"end":{"line":76,"column":42}},"14":{"start":{"line":77,"column":8},"end":{"line":77,"column":59}},"15":{"start":{"line":78,"column":8},"end":{"line":78,"column":23}},"16":{"start":{"line":79,"column":8},"end":{"line":79,"column":33}},"17":{"start":{"line":84,"column":8},"end":{"line":84,"column":22}},"18":{"start":{"line":89,"column":8},"end":{"line":89,"column":24}}},"branchMap":{"1":{"line":70,"type":"if","locations":[{"start":{"line":70,"column":8},"end":{"line":70,"column":8}},{"start":{"line":70,"column":8},"end":{"line":70,"column":8}}]}}}}